<?xml version="1.0" encoding="utf-8"?><testsuites name="pytest tests"><testsuite name="pytest" errors="0" failures="0" skipped="0" tests="14" time="2.783" timestamp="2026-03-16T16:39:59.802715+00:00" hostname="agent-env-2c30ee4a-53a0-46d7-bf50-e51c6875b78e"><testcase classname="backend.tests.test_pronunciation_api" name="test_api_root" time="0.305" /><testcase classname="backend.tests.test_pronunciation_api" name="test_sentences_default_difficulty" time="0.173" /><testcase classname="backend.tests.test_pronunciation_api" name="test_sentences_easy" time="0.148" /><testcase classname="backend.tests.test_pronunciation_api" name="test_sentences_medium" time="0.165" /><testcase classname="backend.tests.test_pronunciation_api" name="test_sentences_hard" time="0.134" /><testcase classname="backend.tests.test_pronunciation_api" name="test_sentences_invalid_difficulty" time="0.148" /><testcase classname="backend.tests.test_pronunciation_api" name="test_sentences_randomness" time="0.433" /><testcase classname="backend.tests.test_pronunciation_api" name="test_sentences_all" time="0.163" /><testcase classname="backend.tests.test_pronunciation_api" name="test_create_attempt" time="0.158" /><testcase classname="backend.tests.test_pronunciation_api" name="test_get_attempts" time="0.136" /><testcase classname="backend.tests.test_pronunciation_api" name="test_create_and_retrieve_attempt" time="0.226" /><testcase classname="backend.tests.test_pronunciation_api" name="test_get_stats" time="0.138" /><testcase classname="backend.tests.test_pronunciation_api" name="test_stats_updates_after_attempt" time="0.281" /><testcase classname="backend.tests.test_pronunciation_api" name="test_attempt_score_validation" time="0.130" /></testsuite></testsuites>